<?xml version="1.0" encoding="UTF-8"?>
<!-- Generated by org.testng.reporters.JUnitXMLReporter -->
<testsuite hostname="DDT" name="Regression suite 1" tests="1" failures="1" timestamp="7 Dec 2019 08:55:58 GMT" time="19.209" errors="0">
  <testcase name="test_Home_Page_Appear_Correct" time="0.017" classname="SelPackage.Selenium1">
    <failure type="java.lang.NullPointerException">
      <![CDATA[java.lang.NullPointerException
	at Pages.LoginPage.getLoginTitle(LoginPage.java:53)
	at SelPackage.Selenium1.test_Home_Page_Appear_Correct(Selenium1.java:68)
... Removed 24 stack frames]]>
    </failure>
  </testcase> <!-- test_Home_Page_Appear_Correct -->
</testsuite> <!-- Regression suite 1 -->
