<?xml version="1.0" encoding="UTF-8"?>
<testng-results ignored="0" total="1" passed="1" failed="0" skipped="0">
  <reporter-output>
  </reporter-output>
  <suite started-at="2022-06-28T20:07:54 IST" name="Default suite" finished-at="2022-06-28T20:08:02 IST" duration-ms="8811">
    <groups>
    </groups>
    <test started-at="2022-06-28T20:07:54 IST" name="Default test" finished-at="2022-06-28T20:08:02 IST" duration-ms="8811">
      <class name="TestClasses.Login">
        <test-method is-config="true" signature="setup()[pri:0, instance:TestClasses.Login@101952da]" started-at="2022-06-28T20:07:54 IST" name="setup" finished-at="2022-06-28T20:07:59 IST" duration-ms="5669" status="PASS">
          <reporter-output>
          </reporter-output>
        </test-method> <!-- setup -->
        <test-method signature="test_Home_Page_Appear_Correct()[pri:0, instance:TestClasses.Login@101952da]" started-at="2022-06-28T20:07:59 IST" name="test_Home_Page_Appear_Correct" finished-at="2022-06-28T20:08:02 IST" duration-ms="3090" status="PASS">
          <reporter-output>
          </reporter-output>
        </test-method> <!-- test_Home_Page_Appear_Correct -->
      </class> <!-- TestClasses.Login -->
    </test> <!-- Default test -->
  </suite> <!-- Default suite -->
</testng-results>
