<?xml version="1.0" encoding="UTF-8"?>
<testng-results skipped="0" failed="0" ignored="0" total="1" passed="1">
  <reporter-output>
  </reporter-output>
  <suite name="Default suite" duration-ms="11432" started-at="2022-11-28T23:02:17 IST" finished-at="2022-11-28T23:02:29 IST">
    <groups>
    </groups>
    <test name="Default test" duration-ms="11432" started-at="2022-11-28T23:02:17 IST" finished-at="2022-11-28T23:02:29 IST">
      <class name="SelPackage.Selenium1">
        <test-method status="PASS" signature="setup()[pri:0, instance:SelPackage.Selenium1@1cea91b]" name="setup" is-config="true" duration-ms="8419" started-at="2022-11-28T23:02:17 IST" finished-at="2022-11-28T23:02:26 IST">
          <reporter-output>
          </reporter-output>
        </test-method> <!-- setup -->
        <test-method status="PASS" signature="test_Home_Page_Appear_Correct()[pri:0, instance:SelPackage.Selenium1@1cea91b]" name="test_Home_Page_Appear_Correct" duration-ms="2985" started-at="2022-11-28T23:02:26 IST" finished-at="2022-11-28T23:02:29 IST">
          <reporter-output>
          </reporter-output>
        </test-method> <!-- test_Home_Page_Appear_Correct -->
      </class> <!-- SelPackage.Selenium1 -->
    </test> <!-- Default test -->
  </suite> <!-- Default suite -->
</testng-results>
